<?xml version="1.0" encoding="UTF-8"?>
<testng-results skipped="1" failed="0" total="1" passed="0">
  <reporter-output>
  </reporter-output>
  <suite name="Default suite" duration-ms="48" started-at="2018-01-14T23:55:54Z" finished-at="2018-01-14T23:55:54Z">
    <groups>
    </groups>
    <test name="Default test" duration-ms="48" started-at="2018-01-14T23:55:54Z" finished-at="2018-01-14T23:55:54Z">
      <class name="com.companyname.projectname.test.TestCase1">
        <test-method status="FAIL" signature="openHomePage()[pri:0, instance:com.companyname.projectname.test.TestCase1@51081592]" name="openHomePage" is-config="true" duration-ms="0" started-at="2018-01-14T15:55:35Z" finished-at="2018-01-14T15:55:35Z">
          <exception class="java.lang.NullPointerException">
            <full-stacktrace>
              <![CDATA[java.lang.NullPointerException
	at com.companyname.projectname.PageObject.BasePage.openApplication(BasePage.java:25)
	at com.companyname.projectname.test.TestCase1.openHomePage(TestCase1.java:27)
	at sun.reflect.NativeMethodAccessorImpl.invoke0(Native Method)
	at sun.reflect.NativeMethodAccessorImpl.invoke(Unknown Source)
	at sun.reflect.DelegatingMethodAccessorImpl.invoke(Unknown Source)
	at java.lang.reflect.Method.invoke(Unknown Source)
	at org.testng.internal.MethodInvocationHelper.invokeMethod(MethodInvocationHelper.java:80)
	at org.testng.internal.Invoker.invokeConfigurationMethod(Invoker.java:564)
	at org.testng.internal.Invoker.invokeConfigurations(Invoker.java:213)
	at org.testng.internal.Invoker.invokeConfigurations(Invoker.java:138)
	at org.testng.SuiteRunner.privateRun(SuiteRunner.java:277)
	at org.testng.SuiteRunner.run(SuiteRunner.java:240)
	at org.testng.SuiteRunnerWorker.runSuite(SuiteRunnerWorker.java:52)
	at org.testng.SuiteRunnerWorker.run(SuiteRunnerWorker.java:86)
	at org.testng.TestNG.runSuitesSequentially(TestNG.java:1198)
	at org.testng.TestNG.runSuitesLocally(TestNG.java:1123)
	at org.testng.TestNG.run(TestNG.java:1031)
	at org.testng.remote.AbstractRemoteTestNG.run(AbstractRemoteTestNG.java:132)
	at org.testng.remote.RemoteTestNG.initAndRun(RemoteTestNG.java:230)
	at org.testng.remote.RemoteTestNG.main(RemoteTestNG.java:76)
]]>
            </full-stacktrace>
          </exception> <!-- java.lang.NullPointerException -->
          <reporter-output>
          </reporter-output>
        </test-method> <!-- openHomePage -->
        <test-method status="SKIP" signature="selectTab(java.lang.String)[pri:0, instance:com.companyname.projectname.test.TestCase1@51081592]" name="selectTab" duration-ms="3" started-at="2018-01-14T15:55:54Z" data-provider="getData" finished-at="2018-01-14T15:55:54Z">
          <params>
            <param index="0">
              <value>
                <![CDATA[Flights]]>
              </value>
            </param>
          </params>
          <reporter-output>
          </reporter-output>
        </test-method> <!-- selectTab -->
      </class> <!-- com.companyname.projectname.test.TestCase1 -->
    </test> <!-- Default test -->
  </suite> <!-- Default suite -->
</testng-results>
